<?xml version="1.0" encoding="UTF-8" ?>
<testsuite errors="0" failures="0" hostname="DESKTOP-THNEG7C" name="edu.cwru.srw89.map.RegionTest" skipped="0" tests="2" time="0.34" timestamp="2020-12-03T18:13:59">
  <properties>
    <property name="sun.desktop" value="windows" />
    <property name="awt.toolkit" value="sun.awt.windows.WToolkit" />
    <property name="ant.library.dir" value="C:\Users\srw33\apache-ant-1.10.9-bin\apache-ant-1.10.9\lib" />
    <property name="ant.file.type" value="file" />
    <property name="java.specification.version" value="12" />
    <property name="ant.project.name" value="CSDSHW7" />
    <property name="sun.cpu.isalist" value="amd64" />
    <property name="sun.jnu.encoding" value="Cp1252" />
    <property name="java.class.path" value="C:\Users\srw33\apache-ant-1.10.9-bin\apache-ant-1.10.9\lib\hamcrest-core-1.3.jar;C:\Users\srw33\IdeaProjects\CSDS293 PA 12 and 13\build;C:\Users\srw33\apache-ant-1.10.9-bin\apache-ant-1.10.9\lib\junit-4.13.jar;C:\Users\srw33\apache-ant-1.10.9-bin\apache-ant-1.10.9\lib\ant-launcher.jar;C:\Users\srw33\apache-ant-1.10.9-bin\apache-ant-1.10.9\lib\ant.jar;C:\Users\srw33\apache-ant-1.10.9-bin\apache-ant-1.10.9\lib\ant-junit.jar;C:\Users\srw33\apache-ant-1.10.9-bin\apache-ant-1.10.9\lib\ant-junit4.jar" />
    <property name="java.vm.vendor" value="Oracle Corporation" />
    <property name="sun.arch.data.model" value="64" />
    <property name="user.variant" value="" />
    <property name="java.vendor.url" value="https://java.oracle.com/" />
    <property name="os.name" value="Windows 10" />
    <property name="java.vm.specification.version" value="12" />
    <property name="user.country" value="US" />
    <property name="sun.java.launcher" value="SUN_STANDARD" />
    <property name="sun.boot.library.path" value="C:\Users\srw33\openjdk-12.0.2_windows-x64_bin (1)\jdk-12.0.2\bin" />
    <property name="output.dir" value="output" />
    <property name="sun.java.command" value="org.apache.tools.ant.taskdefs.optional.junit.JUnitTestRunner edu.cwru.srw89.map.RegionTest skipNonTests=false filtertrace=false haltOnError=false haltOnFailure=false formatter=org.apache.tools.ant.taskdefs.optional.junit.OutErrSummaryJUnitResultFormatter showoutput=false outputtoformatters=true logfailedtests=true threadid=0 logtestlistenerevents=false formatter=org.apache.tools.ant.taskdefs.optional.junit.XMLJUnitResultFormatter,C:\Users\srw33\IdeaProjects\CSDS293 PA 12 and 13\report\junit\TEST-edu.cwru.srw89.map.RegionTest.xml crashfile=C:\Users\srw33\IdeaProjects\CSDS293 PA 12 and 13\junitvmwatcher15440775004101231329.properties propsfile=C:\Users\srw33\IdeaProjects\CSDS293 PA 12 and 13\junit15826288287457521520.properties" />
    <property name="jdk.debug" value="release" />
    <property name="sun.cpu.endian" value="little" />
    <property name="user.home" value="C:\Users\srw33" />
    <property name="user.language" value="en" />
    <property name="sun.stderr.encoding" value="cp437" />
    <property name="java.specification.vendor" value="Oracle Corporation" />
    <property name="_jacoco.agentFile" value="C:\Users\srw33\AppData\Local\Temp\jacocoagent12212732396224539133.jar" />
    <property name="java.version.date" value="2019-07-16" />
    <property name="java.home" value="C:\Users\srw33\openjdk-12.0.2_windows-x64_bin (1)\jdk-12.0.2" />
    <property name="file.separator" value="\" />
    <property name="basedir" value="C:\Users\srw33\IdeaProjects\CSDS293 PA 12 and 13" />
    <property name="java.vm.compressedOopsMode" value="32-bit" />
    <property name="jacoco.file" value="report/jacoco/jacoco.exec" />
    <property name="line.separator" value="&#xd;&#xa;" />
    <property name="sun.stdout.encoding" value="cp437" />
    <property name="ant.java.version" value="12" />
    <property name="java.vm.specification.vendor" value="Oracle Corporation" />
    <property name="java.specification.name" value="Java Platform API Specification" />
    <property name="doc.dir" value="doc" />
    <property name="java.awt.graphicsenv" value="sun.awt.Win32GraphicsEnvironment" />
    <property name="ant.file.CSDSHW7" value="C:\Users\srw33\IdeaProjects\CSDS293 PA 12 and 13\build.xml" />
    <property name="user.script" value="" />
    <property name="sun.management.compiler" value="HotSpot 64-Bit Tiered Compilers" />
    <property name="java.runtime.version" value="12.0.2+10" />
    <property name="user.name" value="srw33" />
    <property name="ant.file" value="C:\Users\srw33\IdeaProjects\CSDS293 PA 12 and 13\build.xml" />
    <property name="path.separator" value=";" />
    <property name="os.version" value="10.0" />
    <property name="jacoco.dir" value="report/jacoco" />
    <property name="java.runtime.name" value="OpenJDK Runtime Environment" />
    <property name="ant.project.invoked-targets" value="report" />
    <property name="file.encoding" value="Cp1252" />
    <property name="java.vm.name" value="OpenJDK 64-Bit Server VM" />
    <property name="report.dir" value="report" />
    <property name="junit.dir" value="report/junit" />
    <property name="ant.core.lib" value="C:\Users\srw33\apache-ant-1.10.9-bin\apache-ant-1.10.9\lib\ant.jar" />
    <property name="build.dir" value="build" />
    <property name="ant.file.type.CSDSHW7" value="file" />
    <property name="java.vendor.url.bug" value="https://bugreport.java.com/bugreport/" />
    <property name="java.io.tmpdir" value="C:\Users\srw33\AppData\Local\Temp\" />
    <property name="java.version" value="12.0.2" />
    <property name="user.dir" value="C:\Users\srw33\IdeaProjects\CSDS293 PA 12 and 13" />
    <property name="os.arch" value="amd64" />
    <property name="java.vm.specification.name" value="Java Virtual Machine Specification" />
    <property name="output.file" value="output/output.txt" />
    <property name="ant.home" value="C:\Users\srw33\apache-ant-1.10.9-bin\apache-ant-1.10.9" />
    <property name="sun.os.patch.level" value="" />
    <property name="error.file" value="output/error.txt" />
    <property name="ant.version" value="Apache Ant(TM) version 1.10.9 compiled on September 27 2020" />
    <property name="java.library.path" value="C:\Users\srw33\openjdk-12.0.2_windows-x64_bin (1)\jdk-12.0.2\bin;C:\WINDOWS\Sun\Java\bin;C:\WINDOWS\system32;C:\WINDOWS;C:\Program Files\Common Files\Oracle\Java\javapath;C:\Program Files (x86)\Razer Chroma SDK\bin;C:\Program Files\Razer Chroma SDK\bin;C:\Program Files (x86)\Razer\ChromaBroadcast\bin;C:\Program Files\Razer\ChromaBroadcast\bin;C:\Program Files (x86)\Common Files\Intel\Shared Libraries\redist\intel64\compiler;C:\ProgramData\Oracle\Java\javapath;C:\Program Files (x86)\Intel\iCLS Client\;C:\Program Files\Intel\iCLS Client\;C:\Windows\system32;C:\Windows;C:\Windows\System32\Wbem;C:\Windows\System32\WindowsPowerShell\v1.0\;C:\Program Files (x86)\NVIDIA Corporation\PhysX\Common;C:\Program Files (x86)\Intel\Intel(R) Management Engine Components\DAL;C:\Program Files\Intel\Intel(R) Management Engine Components\DAL;C:\Program Files (x86)\Intel\Intel(R) Management Engine Components\IPT;C:\Program Files\Intel\Intel(R) Management Engine Components\IPT;C:\WINDOWS\system32;C:\WINDOWS;C:\WINDOWS\System32\Wbem;C:\WINDOWS\System32\WindowsPowerShell\v1.0\;C:\WINDOWS\System32\OpenSSH\;C:\Program Files\NVIDIA Corporation\NVIDIA NvDLISR;C:\WINDOWS\system32\config\systemprofile\AppData\Local\Microsoft\WindowsApps;C:\Program Files\Intel\WiFi\bin\;C:\Program Files\Common Files\Intel\WirelessCommon\;C:\WINDOWS\system32;C:\WINDOWS;C:\WINDOWS\System32\Wbem;C:\WINDOWS\System32\WindowsPowerShell\v1.0\;C:\WINDOWS\System32\OpenSSH\;C:\Program Files\PuTTY\;C:\Program Files\Git\cmd;C:\Program Files\Git\mingw64\bin;C:\Program Files\Git\usr\bin;C:\Program Files\Microsoft SQL Server\130\Tools\Binn\;C:\Program Files\Microsoft SQL Server\Client SDK\ODBC\170\Tools\Binn\;C:\Users\srw33\apache-ant-1.10.9-bin\apache-ant-1.10.9\bin;C:\Program Files\nodejs\;C:\Program Files\MySQL\MySQL Shell 8.0\bin\;C:\Users\srw33\AppData\Local\Programs\Python\Python38-32\Scripts\;C:\Users\srw33\AppData\Local\Programs\Python\Python38-32\;C:\Users\srw33\AppData\Local\Microsoft\WindowsApps;C:\Modeltech_pe_edu_10.4a\win32pe_edu;C:\Users\srw33\AppData\Local\GitHubDesktop\bin;C:\Users\srw33\AppData\Roaming\npm;C:\Users\srw33\AppData\Local\Programs\Microsoft VS Code\bin;." />
    <property name="java.vendor" value="Oracle Corporation" />
    <property name="java.vm.info" value="mixed mode, sharing" />
    <property name="java.vm.version" value="12.0.2+10" />
    <property name="sun.io.unicode.encoding" value="UnicodeLittle" />
    <property name="java.class.version" value="56.0" />
    <property name="src.dir" value="src" />
  </properties>
  <testcase classname="edu.cwru.srw89.map.RegionTest" name="getters" time="0.065" />
  <testcase classname="edu.cwru.srw89.map.RegionTest" name="isInMap" time="0.0" />
  <system-out><![CDATA[]]></system-out>
  <system-err><![CDATA[]]></system-err>
</testsuite>
